Thu Jun 27 14:38:51 KST 2019 : ORA-00942: table or view does not exist

Thu Jun 27 14:38:51 KST 2019 : Error Source : board/list.jsp : SQLException
Thu Jun 27 14:38:51 KST 2019 : SQLState : 42000
Thu Jun 27 14:38:51 KST 2019 : Message : ORA-00942: table or view does not exist

Thu Jun 27 14:38:51 KST 2019 : Oracle Error Code : 942
Thu Jun 27 14:38:51 KST 2019 : sql : SELECT articleno,title,regdate FROM (SELECT ROWNUM R, A.* FROM (SELECT articleno,title,regdate FROM article ORDER BY articleno DESC) A) WHERE R BETWEEN ? AND ?
Thu Jun 27 14:39:03 KST 2019 : Error Source: BoardWriter.java : SQLException
Thu Jun 27 14:39:03 KST 2019 : SQLState: 42000
Thu Jun 27 14:39:03 KST 2019 : Message: ORA-00942: table or view does not exist

Thu Jun 27 14:39:03 KST 2019 : Oracle Error Code: 942
Thu Jun 27 14:39:03 KST 2019 : sql: INSERT INTO article VALUES (seq_article.nextval, ?, ?, sysdate)
Thu Jun 27 14:39:03 KST 2019 : ORA-00942: table or view does not exist

Thu Jun 27 14:39:03 KST 2019 : Error Source : board/list.jsp : SQLException
Thu Jun 27 14:39:03 KST 2019 : SQLState : 42000
Thu Jun 27 14:39:03 KST 2019 : Message : ORA-00942: table or view does not exist

Thu Jun 27 14:39:03 KST 2019 : Oracle Error Code : 942
Thu Jun 27 14:39:03 KST 2019 : sql : SELECT articleno,title,regdate FROM (SELECT ROWNUM R, A.* FROM (SELECT articleno,title,regdate FROM article ORDER BY articleno DESC) A) WHERE R BETWEEN ? AND ?
Mon Aug 30 18:19:53 KST 2021 : ORA-00942: table or view does not exist

Mon Aug 30 18:19:53 KST 2021 : Error Source : board/list.jsp : SQLException
Mon Aug 30 18:19:53 KST 2021 : SQLState : 42000
Mon Aug 30 18:19:53 KST 2021 : Message : ORA-00942: table or view does not exist

Mon Aug 30 18:19:53 KST 2021 : Oracle Error Code : 942
Mon Aug 30 18:19:53 KST 2021 : sql : SELECT articleno,title,regdate FROM (SELECT ROWNUM R, A.* FROM (SELECT articleno,title,regdate FROM article ORDER BY articleno DESC) A) WHERE R BETWEEN ? AND ?
Mon Aug 30 18:20:03 KST 2021 : Error Source: BoardWriter.java : SQLException
Mon Aug 30 18:20:03 KST 2021 : SQLState: 42000
Mon Aug 30 18:20:03 KST 2021 : Message: ORA-00942: table or view does not exist

Mon Aug 30 18:20:03 KST 2021 : Oracle Error Code: 942
Mon Aug 30 18:20:03 KST 2021 : sql: INSERT INTO article VALUES (seq_article.nextval, ?, ?, sysdate)
Mon Aug 30 18:20:03 KST 2021 : ORA-00942: table or view does not exist

Mon Aug 30 18:20:03 KST 2021 : Error Source : board/list.jsp : SQLException
Mon Aug 30 18:20:03 KST 2021 : SQLState : 42000
Mon Aug 30 18:20:03 KST 2021 : Message : ORA-00942: table or view does not exist

Mon Aug 30 18:20:03 KST 2021 : Oracle Error Code : 942
Mon Aug 30 18:20:03 KST 2021 : sql : SELECT articleno,title,regdate FROM (SELECT ROWNUM R, A.* FROM (SELECT articleno,title,regdate FROM article ORDER BY articleno DESC) A) WHERE R BETWEEN ? AND ?
Mon Aug 30 18:20:10 KST 2021 : Error Source: BoardWriter.java : SQLException
Mon Aug 30 18:20:10 KST 2021 : SQLState: 42000
Mon Aug 30 18:20:10 KST 2021 : Message: ORA-00942: table or view does not exist

Mon Aug 30 18:20:10 KST 2021 : Oracle Error Code: 942
Mon Aug 30 18:20:10 KST 2021 : sql: INSERT INTO article VALUES (seq_article.nextval, ?, ?, sysdate)
Mon Aug 30 18:20:10 KST 2021 : ORA-00942: table or view does not exist

Mon Aug 30 18:20:10 KST 2021 : Error Source : board/list.jsp : SQLException
Mon Aug 30 18:20:10 KST 2021 : SQLState : 42000
Mon Aug 30 18:20:10 KST 2021 : Message : ORA-00942: table or view does not exist

Mon Aug 30 18:20:10 KST 2021 : Oracle Error Code : 942
Mon Aug 30 18:20:10 KST 2021 : sql : SELECT articleno,title,regdate FROM (SELECT ROWNUM R, A.* FROM (SELECT articleno,title,regdate FROM article ORDER BY articleno DESC) A) WHERE R BETWEEN ? AND ?
Mon Aug 30 18:20:43 KST 2021 : Error Source: BoardWriter.java : SQLException
Mon Aug 30 18:20:43 KST 2021 : SQLState: 42000
Mon Aug 30 18:20:43 KST 2021 : Message: ORA-00942: table or view does not exist

Mon Aug 30 18:20:43 KST 2021 : Oracle Error Code: 942
Mon Aug 30 18:20:43 KST 2021 : sql: INSERT INTO article VALUES (seq_article.nextval, ?, ?, sysdate)
Mon Aug 30 18:20:43 KST 2021 : ORA-00942: table or view does not exist

Mon Aug 30 18:20:43 KST 2021 : Error Source : board/list.jsp : SQLException
Mon Aug 30 18:20:43 KST 2021 : SQLState : 42000
Mon Aug 30 18:20:43 KST 2021 : Message : ORA-00942: table or view does not exist

Mon Aug 30 18:20:43 KST 2021 : Oracle Error Code : 942
Mon Aug 30 18:20:43 KST 2021 : sql : SELECT articleno,title,regdate FROM (SELECT ROWNUM R, A.* FROM (SELECT articleno,title,regdate FROM article ORDER BY articleno DESC) A) WHERE R BETWEEN ? AND ?
Mon Aug 30 18:20:52 KST 2021 : ORA-00942: table or view does not exist

Mon Aug 30 18:20:52 KST 2021 : Error Source : board/list.jsp : SQLException
Mon Aug 30 18:20:52 KST 2021 : SQLState : 42000
Mon Aug 30 18:20:52 KST 2021 : Message : ORA-00942: table or view does not exist

Mon Aug 30 18:20:52 KST 2021 : Oracle Error Code : 942
Mon Aug 30 18:20:52 KST 2021 : sql : SELECT articleno,title,regdate FROM (SELECT ROWNUM R, A.* FROM (SELECT articleno,title,regdate FROM article ORDER BY articleno DESC) A) WHERE R BETWEEN ? AND ?
Mon Aug 30 18:20:57 KST 2021 : ORA-00942: table or view does not exist

Mon Aug 30 18:20:57 KST 2021 : Error Source : board/list.jsp : SQLException
Mon Aug 30 18:20:57 KST 2021 : SQLState : 42000
Mon Aug 30 18:20:57 KST 2021 : Message : ORA-00942: table or view does not exist

Mon Aug 30 18:20:57 KST 2021 : Oracle Error Code : 942
Mon Aug 30 18:20:57 KST 2021 : sql : SELECT articleno,title,regdate FROM (SELECT ROWNUM R, A.* FROM (SELECT articleno,title,regdate FROM article ORDER BY articleno DESC) A) WHERE R BETWEEN ? AND ?
